<?xml version="1.0" encoding="UTF-8"?>
<!-- Generated by org.testng.reporters.JUnitReportReporter -->
<testsuite skipped="0" hostname="Rahul" name="megastores.add_multiple_merchant_product_into_cart_from_login" tests="2" failures="0" timestamp="2020-06-12T16:35:29 IST" time="168.482" errors="0">
  <testcase name="goto_product_listview" time="67.002" classname="megastores.add_multiple_merchant_product_into_cart_from_login"/>
  <system-out>
Login successfull Go to dashboard Test Passed: Navigated to product listview  </system-out>
  <testcase name="add_product_diff_merchant_guest" time="101.480" classname="megastores.add_multiple_merchant_product_into_cart_from_login"/>
  <system-out>
Add to cart clicked for product from merchant 1 Product: 38314 added successfully. Add to cart clicked for product from merchant 2 Cancel Button Clicked Add to cart clicked again for product from merchant 2 Ok button clicked. Product: 38380 added successfully.  </system-out>
</testsuite> <!-- megastores.add_multiple_merchant_product_into_cart_from_login -->
