<?xml version="1.0" encoding="UTF-8"?>
<!-- Generated by org.testng.reporters.JUnitReportReporter -->
<testsuite skipped="0" hostname="Rahul" name="megastores.Goto_artisans_and_producers_page_goto_shrujan_detail_view_from_here" tests="1" failures="0" timestamp="2020-06-12T16:35:29 IST" time="39.293" errors="0">
  <testcase name="goto_artisans_producers" time="39.293" classname="megastores.Goto_artisans_and_producers_page_goto_shrujan_detail_view_from_here"/>
  <system-out>
clicked on artisans and producers successfully clicked on Shrujan successfully Shrujan loaded successfully Story loaded successfully Embroidery page loaded successfully  </system-out>
</testsuite> <!-- megastores.Goto_artisans_and_producers_page_goto_shrujan_detail_view_from_here -->
