<?xml version="1.0" encoding="UTF-8"?>
<!-- Generated by org.testng.reporters.JUnitReportReporter -->
<testsuite skipped="0" hostname="Rahul" name="megastores.Resend_Email_Verification_Link" tests="5" failures="0" timestamp="2020-06-12T16:35:29 IST" time="100.242" errors="0">
  <testcase name="Go_to_My_Account" time="38.145" classname="megastores.Resend_Email_Verification_Link"/>
  <system-out>
Login clicked Username added Password added Submit clicked Login successfull My Account Clicked successfully  </system-out>
  <testcase name="empty_email" time="9.585" classname="megastores.Resend_Email_Verification_Link"/>
  <system-out>
Test Passed : Email is required  </system-out>
  <testcase name="invalid_email" time="25.088" classname="megastores.Resend_Email_Verification_Link"/>
  <system-out>
Test Passed : Giving invalid email message if email format is not proper without including @ Test Passed : Giving invalid email message if email format is not proper with including @ and domain name  </system-out>
  <testcase name="existing_mail" time="11.003" classname="megastores.Resend_Email_Verification_Link"/>
  <system-out>
Test Passed : Giving message on email id exist.  </system-out>
  <testcase name="valid_email" time="16.421" classname="megastores.Resend_Email_Verification_Link"/>
  <system-out/>
</testsuite> <!-- megastores.Resend_Email_Verification_Link -->
