<?xml version="1.0" encoding="UTF-8"?>
<!-- Generated by org.testng.reporters.JUnitReportReporter -->
<testsuite skipped="0" hostname="Rahul" name="megastores.Add_multiple_merchant_products_into_cart_guest" tests="2" failures="0" timestamp="2020-06-12T16:35:29 IST" time="94.481" errors="0">
  <testcase name="add_product_multiple_merchant_guest" time="16.029" classname="megastores.Add_multiple_merchant_products_into_cart_guest"/>
  <system-out>
Test Passed: Navigated to product listview  </system-out>
  <testcase name="add_product_diff_merchant_guest" time="78.452" classname="megastores.Add_multiple_merchant_products_into_cart_guest"/>
  <system-out>
Add to cart clicked for product from merchant 1 Product: 38380 added successfully. Add to cart clicked for product from merchant 2 Product: 38376 added successfully.  </system-out>
</testsuite> <!-- megastores.Add_multiple_merchant_products_into_cart_guest -->
