<?xml version="1.0" encoding="UTF-8"?>
<!-- Generated by org.testng.reporters.JUnitReportReporter -->
<testsuite skipped="0" hostname="Rahul" name="megastores.Quick_view_login" tests="1" failures="0" timestamp="2020-06-12T16:35:29 IST" time="74.379" errors="0">
  <testcase name="quickview_login" time="74.379" classname="megastores.Quick_view_login"/>
  <system-out>
Clicked on login button sucessfully Username added sucessfully Password added sucessfully Clicked on login button sucessfully Login successfull Go to dashboard Product selected successfully Clicked on quick view button successfully Clicked on cancel button successfully  </system-out>
</testsuite> <!-- megastores.Quick_view_login -->
