<?xml version="1.0" encoding="UTF-8"?>
<!-- Generated by org.testng.reporters.JUnitReportReporter -->
<testsuite skipped="0" hostname="Rahul" name="megastores.Forgot_Username" tests="4" failures="0" timestamp="2020-06-12T16:35:29 IST" time="106.854" errors="0">
  <testcase name="fgt_usr_existing_username" time="26.381" classname="megastores.Forgot_Username"/>
  <system-out>
Existing Username: Login clicked successfully Existing Username: Forgot Password Link clicked successfully Existing Username: Forgot Username Link clicked successfully Test Passed : Username successfully sent to email id.  </system-out>
  <testcase name="fgt_user_non_existing_username" time="26.630" classname="megastores.Forgot_Username"/>
  <system-out>
Non-Existing Username: Login clicked successfully Non-Existing Username: Forgot Password Link clicked successfully Non-Existing Username: Forgot Username Link clicked successfully Test Passed: Non-Existing Username: Giving User Not found message if the email id does not exist  </system-out>
  <testcase name="fgt_usr_empty_email" time="27.177" classname="megastores.Forgot_Username"/>
  <system-out>
Empty Email: Login clicked successfully Empty email: Forgot Password Link clicked successfully Empty email: Forgot Username Link clicked successfully Test Passed: Empty email: Displaying message as Email is required and will not Send  </system-out>
  <testcase name="fgt_usr_invalid_email" time="26.666" classname="megastores.Forgot_Username"/>
  <system-out>
Invalid Email: Login clicked successfully Invalid email: Forgot Password Link clicked successfully Invalid email: Forgot Username Link clicked successfully Test Passed: Invalid email: Empty email: Displaying message please enter a valid email address.  </system-out>
</testsuite> <!-- megastores.Forgot_Username -->
