<?xml version="1.0" encoding="UTF-8"?>
<!-- Generated by org.testng.reporters.JUnitReportReporter -->
<testsuite skipped="0" hostname="Rahul" name="megastores.Login" tests="7" failures="0" timestamp="2020-06-12T16:35:29 IST" time="170.626" errors="0">
  <testcase name="login_valid_username_password" time="39.595" classname="megastores.Login"/>
  <system-out>
Login clicked Username added Password added Submit clicked Login successfull Logout Successfull  </system-out>
  <testcase name="login_invusername_validpass" time="22.840" classname="megastores.Login"/>
  <system-out>
Login clicked Username added Password added Submit clicked Test Passed: Not able to login using invalid username and valid password  </system-out>
  <testcase name="valusername_invpass" time="23.491" classname="megastores.Login"/>
  <system-out>
Login clicked Username added Password added Submit clicked Test Passed: Not able to login using valid username and Invalid password  </system-out>
  <testcase name="invusername_invpassword" time="22.813" classname="megastores.Login"/>
  <system-out>
Login clicked Username added Password added Submit clicked Test Passed: Not able to login using invalid username and invalid password  </system-out>
  <testcase name="empusername_emppassword" time="20.936" classname="megastores.Login"/>
  <system-out>
Login clicked Username added Password added Submit clicked Test Passed: Giving error message  </system-out>
  <testcase name="empusername_valpassword" time="20.394" classname="megastores.Login"/>
  <system-out>
Login clicked Username added Password added Submit clicked Test Passed: Giving error message  </system-out>
  <testcase name="valusername_emppassword" time="20.557" classname="megastores.Login"/>
  <system-out>
Login clicked Username added Password added Submit clicked Test Passed: Giving error message  </system-out>
</testsuite> <!-- megastores.Login -->
