<?xml version="1.0" encoding="UTF-8"?>
<!-- Generated by org.testng.reporters.JUnitReportReporter -->
<testsuite skipped="0" hostname="Rahul" name="megastores.Quick_view_guest" tests="1" failures="0" timestamp="2020-06-12T16:35:29 IST" time="21.254" errors="0">
  <testcase name="quickview_guest" time="21.254" classname="megastores.Quick_view_guest"/>
  <system-out>
Product selected sucessfully Clicked on quick view button sucessfully Clicked on cancle button of quick view sucessfully  </system-out>
</testsuite> <!-- megastores.Quick_view_guest -->
