<?xml version="1.0" encoding="UTF-8"?>
<!-- Generated by org.testng.reporters.JUnitReportReporter -->
<testsuite skipped="1" hostname="Rahul" name="megastores.Change_Profile_Picture" tests="4" failures="0" timestamp="2020-06-12T16:35:29 IST" time="92.823" errors="0">
  <testcase name="Go_to_profile" time="35.489" classname="megastores.Change_Profile_Picture"/>
  <system-out>
Login clicked Username added Password added Submit clicked Login successfull  </system-out>
  <testcase name="edit_valid_profile_pic" time="32.407" classname="megastores.Change_Profile_Picture"/>
  <system-out>
Valid Image added Upload button clicked Test Passed: Profile picture updated successfully.  </system-out>
  <testcase name="edit_invalid_profile_pic" time="11.995" classname="megastores.Change_Profile_Picture">
    <skipped/>
  </testcase> <!-- edit_invalid_profile_pic -->
  <system-out>
Invalid Image added Upload button clicked Test failed: Expected message for invalid image format does not match the current displayed message  </system-out>
  <testcase name="edit_invalid_profile_pic" time="12.932" classname="megastores.Change_Profile_Picture"/>
  <system-out>
Invalid Image added Upload button clicked Test Passed: Profile picture did not update as the file was not an image format  </system-out>
</testsuite> <!-- megastores.Change_Profile_Picture -->
