<?xml version="1.0" encoding="UTF-8"?>
<!-- Generated by org.testng.reporters.JUnitReportReporter -->
<testsuite skipped="0" hostname="Rahul" name="megastores.featured_segment" tests="1" failures="0" timestamp="2020-06-12T16:35:29 IST" time="26.152" errors="0">
  <testcase name="featured_segment" time="26.152" classname="megastores.featured_segment"/>
  <system-out>
clicked on first blog successfully clicked on first blog successfully Products loaded successfully  </system-out>
</testsuite> <!-- megastores.featured_segment -->
