<?xml version="1.0" encoding="UTF-8"?>
<!-- Generated by org.testng.reporters.JUnitReportReporter -->
<testsuite skipped="1" hostname="Rahul" name="megastores.Address" tests="10" failures="0" timestamp="2020-06-12T16:35:29 IST" time="394.063" errors="0">
  <testcase name="goto_address" time="42.105" classname="megastores.Address"/>
  <system-out>
Login clicked Username added Password added Submit clicked Login successfull My Account Clicked successfully Address clicked successfully  </system-out>
  <testcase name="empty_address" time="40.660" classname="megastores.Address"/>
  <system-out>
Address Tab clicked successfully Test Passed: Giving error message(Field required) on all fields.  </system-out>
  <testcase name="existing_address_title" time="49.569" classname="megastores.Address"/>
  <system-out>
Test Passed: Not able to save address if the title already exist  </system-out>
  <testcase name="valid_add_address" time="52.926" classname="megastores.Address"/>
  <system-out>
Address clicked successfully Test Passed: Address added successfully with all the valid details  </system-out>
  <testcase name="valid_add_address_default" time="60.029" classname="megastores.Address"/>
  <system-out>
Address clicked successfully Test Passed: Address added successfully with default and with all the valid details  </system-out>
  <testcase name="valid_add_address_default" time="68.350" classname="megastores.Address">
    <skipped/>
  </testcase> <!-- valid_add_address_default -->
  <system-out>
Address clicked successfully Test failed: Address Tab not getting displayed or the Tab does not consist of title Addresses Address clicked successfully  </system-out>
  <testcase name="edit_details" time="34.321" classname="megastores.Address"/>
  <system-out>
Address clicked successfully Action clicked sucessfully Edit clicked successfully Test Passed: Address getting updated successfully.  </system-out>
  <testcase name="delete_address" time="23.776" classname="megastores.Address"/>
  <system-out>
Address clicked successfully Action clicked sucessfully Delete clicked successfully Address deleted successfully.  </system-out>
  <testcase name="delete_added_address_no_default" time="18.393" classname="megastores.Address"/>
  <system-out>
Address clicked successfully Added Address Not found at position 0 Added Address Not found at position 1 Added Address Not found at position 2 Added Address Not found at position 3 Address deleted successfully.  </system-out>
  <testcase name="delete_added_address_default" time="3.934" classname="megastores.Address"/>
  <system-out>
Address clicked successfully Added Address Not found at position 0, it might already be deleted. Added Address Not found at position 1, it might already be deleted. Added Address Not found at position 2, it might already be deleted. Added Address Not found at position 3, it might already be deleted. Added Address Not found at position 4, it might already be deleted.  </system-out>
</testsuite> <!-- megastores.Address -->
