<?xml version="1.0" encoding="UTF-8"?>
<!-- Generated by org.testng.reporters.JUnitReportReporter -->
<testsuite skipped="0" hostname="Rahul" name="megastores.Change_Password" tests="9" failures="0" timestamp="2020-06-12T16:35:29 IST" time="204.966" errors="0">
  <testcase name="go_to_change_pass" time="36.449" classname="megastores.Change_Password"/>
  <system-out>
Login clicked Username added Password added Submit clicked Login successfull My Account Clicked successfully Test Passed: User successfully navigated to change password screen  </system-out>
  <testcase name="change_pass_all_empty" time="15.633" classname="megastores.Change_Password"/>
  <system-out/>
  <testcase name="change_pass_old_empty" time="15.555" classname="megastores.Change_Password"/>
  <system-out>
Test Passed: Giving field required message if old password not entered  </system-out>
  <testcase name="change_pass_min_length_check" time="20.972" classname="megastores.Change_Password"/>
  <system-out>
Test Passed: Giving error message if the minimum length is less than 6  </system-out>
  <testcase name="change_pass_format_check" time="21.018" classname="megastores.Change_Password"/>
  <system-out>
Test Passed: Giving error for password format  </system-out>
  <testcase name="change_pass_new_confirm_dont_match" time="21.087" classname="megastores.Change_Password"/>
  <system-out>
Test Passed: Gives proper message if password dosent match the new one.  </system-out>
  <testcase name="change_pass_old_pass_dont_match" time="26.844" classname="megastores.Change_Password"/>
  <system-out>
Test Passed: Giving message if old password doesn't match  </system-out>
  <testcase name="change_pass_all_validdata" time="23.953" classname="megastores.Change_Password"/>
  <system-out>
Test Passed: Password updated successfully  </system-out>
  <testcase name="reset_password" time="23.455" classname="megastores.Change_Password"/>
  <system-out>
Test Passed: Password Reset successfully  </system-out>
</testsuite> <!-- megastores.Change_Password -->
