<?xml version="1.0" encoding="UTF-8"?>
<!-- Generated by org.testng.reporters.JUnitReportReporter -->
<testsuite skipped="0" hostname="Rahul" name="megastores.Profile_Change_Mobile_Number" tests="9" failures="0" timestamp="2020-06-12T16:35:29 IST" time="183.806" errors="0">
  <testcase name="Go_to_Change_mobile_number" time="35.765" classname="megastores.Profile_Change_Mobile_Number"/>
  <system-out>
Login link clicked successfully username entered password entered submit clicked successfully Login successfull My Account clicked successfully Phone icon clicked successfully  </system-out>
  <testcase name="empty_field" time="6.551" classname="megastores.Profile_Change_Mobile_Number"/>
  <system-out>
Test Passed: Not allowing the user to submit if all field is empty.  </system-out>
  <testcase name="phone_number_exist" time="7.483" classname="megastores.Profile_Change_Mobile_Number"/>
  <system-out>
Test Passed: Not allowing the user to submit if all field is empty.  </system-out>
  <testcase name="four_alphabets" time="9.573" classname="megastores.Profile_Change_Mobile_Number"/>
  <system-out>
Will not allow the user to add only 4 alphabets since minimum is 10 characters  </system-out>
  <testcase name="ten_alphabets" time="12.617" classname="megastores.Profile_Change_Mobile_Number"/>
  <system-out>
Test Passed: Not allowing user to add alphabets even if we enter 10 alphabets.  </system-out>
  <testcase name="four_numbers" time="12.566" classname="megastores.Profile_Change_Mobile_Number"/>
  <system-out>
Test Passed: Not allowing the user to enter less then 10 characters  </system-out>
  <testcase name="sixteen_numbers" time="12.666" classname="megastores.Profile_Change_Mobile_Number"/>
  <system-out>
Test Passed: Not allowing the user to enter more then 15 characters  </system-out>
  <testcase name="ten_numbers" time="37.711" classname="megastores.Profile_Change_Mobile_Number"/>
  <system-out>
Test Passed: Allowing only number with minimum length 10 and leading user to OTP screen Test Passed: Will not allow user to submit without OTP Test Passed: Will not allow user to submit Invalid OTP  </system-out>
  <testcase name="fifteen_numbers" time="48.874" classname="megastores.Profile_Change_Mobile_Number"/>
  <system-out>
Test Passed: Allowing only number with minimum length 10 and leading user to OTP screen Test Passed: Will not allow user to submit without OTP Test Passed: Will not allow user to submit Invalid OTP  </system-out>
</testsuite> <!-- megastores.Profile_Change_Mobile_Number -->
