<?xml version="1.0" encoding="UTF-8"?>
<!-- Generated by org.testng.reporters.JUnitReportReporter -->
<testsuite skipped="0" hostname="Rahul" name="megastores.Top_Category" tests="2" failures="0" timestamp="2020-06-12T16:35:29 IST" time="26.270" errors="0">
  <testcase name="click_bag" time="12.697" classname="megastores.Top_Category"/>
  <system-out>
Test Passed: Bags clicked in Top Category  </system-out>
  <testcase name="click_load_more" time="13.573" classname="megastores.Top_Category"/>
  <system-out>
Test Passed: Load more not displayed reached till the end of the listview  </system-out>
</testsuite> <!-- megastores.Top_Category -->
