<?xml version="1.0" encoding="UTF-8"?>
<!-- Generated by org.testng.reporters.JUnitReportReporter -->
<testsuite skipped="0" hostname="Rahul" name="megastores.ContactUs" tests="4" failures="0" timestamp="2020-06-12T16:35:29 IST" time="77.333" errors="0">
  <testcase name="openUrl" time="41.176" classname="megastores.ContactUs"/>
  <system-out>
Browser launched !! Contact us page opened !!  </system-out>
  <testcase name="InvaliduserName" time="12.283" classname="megastores.ContactUs"/>
  <system-out/>
  <testcase name="InvalidEmail" time="11.981" classname="megastores.ContactUs"/>
  <system-out/>
  <testcase name="validData" time="11.893" classname="megastores.ContactUs"/>
  <system-out/>
</testsuite> <!-- megastores.ContactUs -->
