<?xml version="1.0" encoding="UTF-8"?>
<!-- Generated by org.testng.reporters.JUnitReportReporter -->
<testsuite skipped="0" hostname="Rahul" name="megastores.Change_Email" tests="5" failures="0" timestamp="2020-06-12T16:35:29 IST" time="107.764" errors="0">
  <testcase name="Go_to_change_email" time="37.026" classname="megastores.Change_Email"/>
  <system-out>
Login clicked Username added Password added Submit clicked Login successfull My Account Clicked successfully Test Passed: User has been directed to change password screen successfully  </system-out>
  <testcase name="chng_email_empty_mail_id" time="12.351" classname="megastores.Change_Email"/>
  <system-out>
Test Passed : Not allowing user to change email if it is empty  </system-out>
  <testcase name="change_email_invalid_email" time="24.665" classname="megastores.Change_Email"/>
  <system-out>
Test Passed : Giving invalid email message if email format is not proper without including @ Test Passed : Giving invalid email message if email format is not proper with including @ and domain name  </system-out>
  <testcase name="change_email_existing_id" time="13.763" classname="megastores.Change_Email"/>
  <system-out>
Test Passed: Not allowing the user to change email if it already exist  </system-out>
  <testcase name="change_email_valid_id" time="19.959" classname="megastores.Change_Email"/>
  <system-out>
Test passed : Got message that the verification link is sent and also changed email is displayed in email text field  </system-out>
</testsuite> <!-- megastores.Change_Email -->
