<?xml version="1.0" encoding="UTF-8"?>
<!-- Generated by org.testng.reporters.JUnitReportReporter -->
<testsuite skipped="0" hostname="Rahul" name="megastores.Search_Goto_Detailview" tests="3" failures="0" timestamp="2020-06-12T16:35:29 IST" time="76.322" errors="0">
  <testcase name="search_Goto_detailview_shrujan" time="26.763" classname="megastores.Search_Goto_Detailview"/>
  <system-out>
Searched for Tharad Product Clicked successfully Test Passed: Navigated to detailview of Shrujan product successfully  </system-out>
  <testcase name="goto_detailview_vrdi" time="23.069" classname="megastores.Search_Goto_Detailview"/>
  <system-out>
Searched for Batik Kurti Product Clicked successfully Test Passed: Navigated to detailview of VRDI product successfully  </system-out>
  <testcase name="goto_detailview_mohmed_khatri" time="26.490" classname="megastores.Search_Goto_Detailview"/>
  <system-out>
Searched for Ajrakh Product Clicked successfully Test Passed: Navigated to detailview of Mohmed Khatri product successfully  </system-out>
</testsuite> <!-- megastores.Search_Goto_Detailview -->
