<?xml version="1.0" encoding="UTF-8"?>
<!-- Generated by org.testng.reporters.JUnitReportReporter -->
<testsuite skipped="0" hostname="Rahul" name="megastores.Blog_post" tests="1" failures="0" timestamp="2020-06-12T16:35:29 IST" time="25.417" errors="0">
  <testcase name="blog_post" time="25.417" classname="megastores.Blog_post"/>
  <system-out>
clicked on blog button successfully clicked on first blog successfully Blog loaded successfully  </system-out>
</testsuite> <!-- megastores.Blog_post -->
