<?xml version="1.0" encoding="UTF-8"?>
<!-- Generated by org.testng.reporters.JUnitReportReporter -->
<testsuite skipped="0" hostname="Rahul" name="megastores.Change_Profile_Info" tests="5" failures="0" timestamp="2020-06-12T16:35:29 IST" time="97.706" errors="0">
  <testcase name="Go_to_profile" time="33.755" classname="megastores.Change_Profile_Info"/>
  <system-out>
Login clicked Username added Password added Submit clicked Login successfull Test Passed : User successfully directed to My account  </system-out>
  <testcase name="empty_fname_lname" time="16.723" classname="megastores.Change_Profile_Info"/>
  <system-out>
Tooltip size 2 Test Passed: field required message found at tooltip 0 Test Passed: field required message found at tooltip 1  </system-out>
  <testcase name="empty_fname" time="13.552" classname="megastores.Change_Profile_Info"/>
  <system-out>
Tooltip size 1 Test Passed: field required message found at tooltip 0  </system-out>
  <testcase name="lname_empty" time="13.554" classname="megastores.Change_Profile_Info"/>
  <system-out>
Tooltip size 1 Test Passed: field required message found at tooltip 0  </system-out>
  <testcase name="all_filled_details" time="20.122" classname="megastores.Change_Profile_Info"/>
  <system-out>
Test passed: Profile Updated.  </system-out>
</testsuite> <!-- megastores.Change_Profile_Info -->
